2023-06-19T11:40:14.187+02:00  INFO 2916 --- [main] ruben.SPM.SPMApplication                 : Starting SPMApplication using Java 20 with PID 2916 (B:\RepositoriosGithub\TFG\Backend\SPM\target\classes started by Ruben in B:\RepositoriosGithub\TFG\Backend\SPM)
2023-06-19T11:40:14.193+02:00  INFO 2916 --- [main] ruben.SPM.SPMApplication                 : No active profile set, falling back to 1 default profile: "default"
2023-06-19T11:40:16.143+02:00  INFO 2916 --- [main] .s.d.r.c.RepositoryConfigurationDelegate : Bootstrapping Spring Data JPA repositories in DEFAULT mode.
2023-06-19T11:40:16.226+02:00  INFO 2916 --- [main] .s.d.r.c.RepositoryConfigurationDelegate : Finished Spring Data repository scanning in 73 ms. Found 9 JPA repository interfaces.
2023-06-19T11:40:16.788+02:00  INFO 2916 --- [main] o.s.b.w.embedded.tomcat.TomcatWebServer  : Tomcat initialized with port(s): 8080 (http)
2023-06-19T11:40:16.800+02:00  INFO 2916 --- [main] o.apache.catalina.core.StandardService   : Starting service [Tomcat]
2023-06-19T11:40:16.800+02:00  INFO 2916 --- [main] o.apache.catalina.core.StandardEngine    : Starting Servlet engine: [Apache Tomcat/10.1.7]
2023-06-19T11:40:16.885+02:00  INFO 2916 --- [main] o.a.c.c.C.[Tomcat].[localhost].[/]       : Initializing Spring embedded WebApplicationContext
2023-06-19T11:40:16.886+02:00  INFO 2916 --- [main] w.s.c.ServletWebServerApplicationContext : Root WebApplicationContext: initialization completed in 2641 ms
2023-06-19T11:40:17.015+02:00  INFO 2916 --- [main] com.zaxxer.hikari.HikariDataSource       : HikariPool-1 - Starting...
2023-06-19T11:40:18.137+02:00  INFO 2916 --- [main] com.zaxxer.hikari.pool.HikariPool        : HikariPool-1 - Added connection org.postgresql.jdbc.PgConnection@4a50c746
2023-06-19T11:40:18.138+02:00  INFO 2916 --- [main] com.zaxxer.hikari.HikariDataSource       : HikariPool-1 - Start completed.
2023-06-19T11:40:18.198+02:00  INFO 2916 --- [main] o.hibernate.jpa.internal.util.LogHelper  : HHH000204: Processing PersistenceUnitInfo [name: default]
2023-06-19T11:40:18.280+02:00  INFO 2916 --- [main] org.hibernate.Version                    : HHH000412: Hibernate ORM core version 6.1.7.Final
2023-06-19T11:40:18.963+02:00  INFO 2916 --- [main] SQL dialect                              : HHH000400: Using dialect: org.hibernate.dialect.PostgreSQLDialect
2023-06-19T11:40:20.280+02:00  INFO 2916 --- [main] o.h.e.t.j.p.i.JtaPlatformInitiator       : HHH000490: Using JtaPlatform implementation: [org.hibernate.engine.transaction.jta.platform.internal.NoJtaPlatform]
2023-06-19T11:40:20.291+02:00  INFO 2916 --- [main] j.LocalContainerEntityManagerFactoryBean : Initialized JPA EntityManagerFactory for persistence unit 'default'
2023-06-19T11:40:21.598+02:00  INFO 2916 --- [main] o.s.s.web.DefaultSecurityFilterChain     : Will secure any request with [org.springframework.security.web.session.DisableEncodeUrlFilter@6567de86, org.springframework.security.web.context.request.async.WebAsyncManagerIntegrationFilter@5350a926, org.springframework.security.web.context.SecurityContextHolderFilter@3393aa46, org.springframework.security.web.header.HeaderWriterFilter@2b3e2039, org.springframework.web.filter.CorsFilter@77732366, org.springframework.security.web.authentication.logout.LogoutFilter@5c168f98, ruben.SPM.config.Security.JWTAuthFilter@129b0ed, org.springframework.security.web.savedrequest.RequestCacheAwareFilter@7eb006bd, org.springframework.security.web.servletapi.SecurityContextHolderAwareRequestFilter@633dce39, org.springframework.security.web.authentication.AnonymousAuthenticationFilter@7c046af, org.springframework.security.web.session.SessionManagementFilter@74e111a8, org.springframework.security.web.access.ExceptionTranslationFilter@1e8c9083, org.springframework.security.web.access.intercept.AuthorizationFilter@57fe6f2d]
2023-06-19T11:40:21.952+02:00  INFO 2916 --- [main] o.s.b.w.embedded.tomcat.TomcatWebServer  : Tomcat started on port(s): 8080 (http) with context path ''
2023-06-19T11:40:21.961+02:00  INFO 2916 --- [main] ruben.SPM.SPMApplication                 : Started SPMApplication in 8.297 seconds (process running for 9.466)
2023-06-19T11:40:40.211+02:00  INFO 2916 --- [http-nio-8080-exec-1] o.a.c.c.C.[Tomcat].[localhost].[/]       : Initializing Spring DispatcherServlet 'dispatcherServlet'
2023-06-19T11:40:40.212+02:00  INFO 2916 --- [http-nio-8080-exec-1] o.s.web.servlet.DispatcherServlet        : Initializing Servlet 'dispatcherServlet'
2023-06-19T11:40:40.214+02:00  INFO 2916 --- [http-nio-8080-exec-1] o.s.web.servlet.DispatcherServlet        : Completed initialization in 2 ms
2023-06-19T11:40:40.865+02:00  INFO 2916 --- [http-nio-8080-exec-6] o.springdoc.api.AbstractOpenApiResource  : Init duration for springdoc-openapi is: 317 ms
2023-06-19T11:43:59.083+02:00  INFO 2916 --- [SpringApplicationShutdownHook] j.LocalContainerEntityManagerFactoryBean : Closing JPA EntityManagerFactory for persistence unit 'default'
2023-06-19T11:43:59.085+02:00  INFO 2916 --- [SpringApplicationShutdownHook] com.zaxxer.hikari.HikariDataSource       : HikariPool-1 - Shutdown initiated...
2023-06-19T11:43:59.089+02:00  INFO 2916 --- [SpringApplicationShutdownHook] com.zaxxer.hikari.HikariDataSource       : HikariPool-1 - Shutdown completed.
